0 %
0 %
0 %
0 %
0 %
0 %
0 %
0 %
0 %
0 %
0 %
0 %
0 %
0 %
0 %
0 %
0 %
10 %
10 %
14 %
14 %
14 %
14 %
14 %
14 %
15 %
15 %
17 %
17 %
15 %
15 %
15 %
15 %
14 %
14 %
14 %
14 %
13 %
13 %
13 %
13 %
13 %
13 %
13 %
13 %
13 %
13 %
13 %
13 %
9 %
9 %
0 %
0 %
0 %
0 %
0 %
0 %
0 %
0 %
0 %
0 %
0 %
0 %
0 %
0 %
0 %
0 %
0 %
0 %
0 %
0 %
0 %
0 %
0 %
0 %
0 %
0 %
0 %
0 %
0 %
0 %
0 %
0 %
0 %
0 %
0 %
0 %
0 %
0 %
0 %
0 %
0 %
0 %
0 %
0 %
0 %
0 %
0 %
0 %
2 %
2 %
8 %
8 %
8 %
8 %
8 %
8 %
8 %
8 %
8 %
8 %
8 %
9 %
9 %
12 %
12 %
13 %
13 %
13 %
13 %
13 %
13 %
13 %
13 %
13 %
13 %
13 %
13 %
13 %
13 %
9 %
9 %
9 %
9 %
12 %
12 %
13 %
13 %
13 %
13 %
12 %
12 %
9 %
9 %
8 %
8 %
9 %
9 %
10 %
10 %
3 %
3 %
0 %
0 %
0 %
0 %
0 %
0 %
0 %
0 %
0 %
0 %
0 %
0 %
0 %
0 %
0 %
0 %
