5 %
7 %
7 %
2 %
2 %
2 %
2 %
0 %
0 %
3 %
3 %
1 %
1 %
0 %
0 %
0 %
0 %
0 %
0 %
7 %
7 %
0 %
0 %
0 %
0 %
0 %
0 %
0 %
0 %
0 %
0 %
0 %
0 %
6 %
6 %
0 %
0 %
4 %
4 %
97 %
97 %
98 %
98 %
98 %
98 %
99 %
99 %
98 %
98 %
98 %
98 %
98 %
98 %
99 %
99 %
99 %
99 %
99 %
99 %
99 %
99 %
98 %
98 %
98 %
98 %
99 %
99 %
98 %
98 %
99 %
99 %
99 %
99 %
98 %
98 %
99 %
99 %
99 %
99 %
99 %
99 %
99 %
99 %
99 %
99 %
99 %
99 %
99 %
99 %
96 %
96 %
96 %
96 %
96 %
96 %
96 %
96 %
96 %
96 %
96 %
95 %
95 %
96 %
96 %
96 %
96 %
22 %
22 %
0 %
0 %
0 %
0 %
0 %
0 %
4 %
4 %
2 %
2 %
8 %
8 %
0 %
0 %
2 %
2 %
2 %
2 %
1 %
1 %
0 %
0 %
0 %
0 %
7 %
7 %
0 %
0 %
0 %
0 %
0 %
0 %
0 %
0 %
0 %
0 %
0 %
0 %
0 %
0 %
0 %
0 %
3 %
3 %
3 %
3 %
5 %
5 %
68 %
68 %
96 %
96 %
95 %
95 %
94 %
94 %
94 %
94 %
94 %
94 %
95 %
95 %
96 %
96 %
96 %
96 %
96 %
96 %
96 %
96 %
92 %
92 %
90 %
90 %
93 %
93 %
96 %
96 %
96 %
96 %
96 %
96 %
94 %
94 %
96 %
96 %
96 %
96 %
96 %
96 %
96 %
96 %
96 %
96 %
96 %
96 %
98 %
98 %
99 %
99 %
98 %
98 %
97 %
97 %
98 %
98 %
98 %
98 %
99 %
99 %
99 %
99 %
99 %
99 %
99 %
99 %
98 %
98 %
98 %
98 %
98 %
98 %
99 %
99 %
98 %
98 %
99 %
99 %
98 %
98 %
99 %
99 %
99 %
99 %
99 %
99 %
99 %
99 %
99 %
99 %
99 %
99 %
99 %
99 %
96 %
96 %
96 %
96 %
96 %
96 %
92 %
92 %
90 %
90 %
90 %
71 %
71 %
62 %
62 %
96 %
96 %
96 %
96 %
96 %
96 %
96 %
96 %
96 %
96 %
97 %
97 %
98 %
98 %
98 %
98 %
98 %
98 %
98 %
98 %
99 %
99 %
99 %
99 %
99 %
99 %
99 %
99 %
99 %
99 %
99 %
99 %
98 %
98 %
98 %
98 %
98 %
98 %
98 %
98 %
99 %
99 %
97 %
97 %
99 %
99 %
99 %
99 %
99 %
99 %
99 %
99 %
99 %
99 %
99 %
99 %
99 %
99 %
98 %
98 %
96 %
96 %
96 %
96 %
96 %
96 %
96 %
96 %
96 %
96 %
95 %
95 %
96 %
96 %
96 %
96 %
96 %
96 %
96 %
96 %
96 %
96 %
41 %
41 %
4 %
4 %
7 %
7 %
2 %
2 %
2 %
2 %
0 %
0 %
3 %
3 %
1 %
1 %
0 %
0 %
0 %
0 %
7 %
7 %
0 %
0 %
0 %
0 %
0 %
0 %
0 %
0 %
0 %
0 %
0 %
0 %
0 %
0 %
0 %
0 %
0 %
0 %
3 %
3 %
7 %
7 %
2 %
2 %
3 %
3 %
0 %
0 %
47 %
47 %
98 %
98 %
99 %
99 %
99 %
99 %
99 %
99 %
99 %
99 %
99 %
99 %
99 %
99 %
99 %
99 %
96 %
96 %
96 %
96 %
96 %
96 %
97 %
97 %
96 %
96 %
96 %
96 %
95 %
95 %
96 %
96 %
96 %
96 %
96 %
96 %
96 %
96 %
96 %
96 %
96 %
98 %
98 %
99 %
99 %
98 %
98 %
98 %
98 %
98 %
98 %
98 %
98 %
98 %
98 %
99 %
99 %
99 %
99 %
99 %
99 %
99 %
99 %
98 %
98 %
98 %
98 %
98 %
98 %
98 %
98 %
99 %
99 %
98 %
98 %
99 %
99 %
99 %
99 %
99 %
99 %
99 %
99 %
98 %
98 %
99 %
99 %
63 %
63 %
84 %
84 %
96 %
96 %
96 %
96 %
96 %
96 %
96 %
96 %
95 %
95 %
96 %
96 %
96 %
96 %
96 %
96 %
95 %
95 %
96 %
96 %
96 %
96 %
98 %
98 %
98 %
98 %
98 %
98 %
99 %
99 %
99 %
99 %
98 %
98 %
99 %
99 %
99 %
99 %
99 %
99 %
99 %
99 %
99 %
99 %
98 %
98 %
98 %
98 %
98 %
98 %
98 %
98 %
99 %
99 %
98 %
98 %
98 %
98 %
99 %
99 %
99 %
99 %
99 %
99 %
99 %
99 %
99 %
99 %
99 %
99 %
92 %
92 %
0 %
0 %
0 %
0 %
6 %
6 %
0 %
0 %
0 %
0 %
0 %
0 %
0 %
0 %
0 %
0 %
0 %
0 %
0 %
0 %
0 %
0 %
0 %
0 %
3 %
3 %
3 %
3 %
1 %
1 %
8 %
8 %
0 %
0 %
3 %
3 %
1 %
0 %
0 %
0 %
0 %
0 %
0 %
7 %
7 %
0 %
0 %
0 %
0 %
92 %
92 %
96 %
96 %
96 %
96 %
96 %
96 %
96 %
96 %
96 %
96 %
97 %
97 %
98 %
98 %
99 %
99 %
98 %
98 %
98 %
98 %
98 %
98 %
98 %
98 %
99 %
99 %
99 %
99 %
99 %
99 %
99 %
99 %
98 %
98 %
98 %
98 %
98 %
98 %
98 %
98 %
98 %
98 %
99 %
99 %
98 %
98 %
99 %
99 %
99 %
99 %
99 %
99 %
99 %
99 %
99 %
99 %
99 %
99 %
99 %
99 %
96 %
96 %
96 %
96 %
96 %
96 %
96 %
96 %
96 %
96 %
96 %
96 %
95 %
95 %
96 %
96 %
96 %
96 %
96 %
96 %
96 %
96 %
96 %
96 %
96 %
96 %
98 %
98 %
99 %
99 %
98 %
98 %
95 %
95 %
96 %
96 %
95 %
95 %
75 %
75 %
73 %
73 %
97 %
97 %
97 %
97 %
